Arguments: 
  /usr/local/bin/node /usr/local/bin/yarn dist

PATH: 
  /opt/local/bin:/opt/local/sbin:/Library/Frameworks/Python.framework/Versions/3.8/bin:/usr/local/bin:/usr/bin:/bin:/usr/sbin:/sbin:/opt/X11/bin:/Library/Apple/usr/bin

Yarn version: 
  1.22.10

Node version: 
  12.19.0

Platform: 
  darwin x64

Trace: 
  SyntaxError: /Users/deniszenios/Desktop/School Project App copy/package.json: Unexpected token , in JSON at position 214
      at JSON.parse (<anonymous>)
      at /usr/local/lib/node_modules/yarn/lib/cli.js:1625:59
      at Generator.next (<anonymous>)
      at step (/usr/local/lib/node_modules/yarn/lib/cli.js:310:30)
      at /usr/local/lib/node_modules/yarn/lib/cli.js:321:13

npm manifest: 
  {
    "name": "testingelectron",
    "version": "1.0.0",
    "description": "",
    "main": "main.js",
    "scripts": {
      "start": "electron .",
      "pack": "electron-builder --dir",
    		"dist": "electron-builder"
  }
    
    },
    "keywords": [],
    "author": "",
    "license": "ISC",
    "devDependencies": {
      "electron": "^10.1.4"
    },
    "dependencies": {
      "electron-builder": "^22.9.1",
      "electron-packager": "^15.2.0",
      "electron-window-manager": "^1.0.6"
    },
  "build": {
    "appId": "com.electron.dog",
    "mac": {
      "category": "dmg"
    }
  }
  }

yarn manifest: 
  No manifest

Lockfile: 
  No lockfile
